2022-05-22_21-21-57 [main] INFO  o.s.b.t.c.SpringBootTestContextBootstrapper - Neither @ContextConfiguration nor @ContextHierarchy found for test class [com.pensioner.detail.controller.PensionerDetailControllerMethodTest], using SpringBootContextLoader
2022-05-22_21-21-57 [main] INFO  o.s.t.c.s.AbstractContextLoader - Could not detect default resource locations for test class [com.pensioner.detail.controller.PensionerDetailControllerMethodTest]: no resource found for suffixes {-context.xml, Context.groovy}.
2022-05-22_21-21-57 [main] INFO  o.s.t.c.s.AnnotationConfigContextLoaderUtils - Could not detect default configuration classes for test class [com.pensioner.detail.controller.PensionerDetailControllerMethodTest]: PensionerDetailControllerMethodTest does not declare any static, non-private, non-final, nested classes annotated with @Configuration.
2022-05-22_21-21-57 [main] INFO  o.s.b.t.c.SpringBootTestContextBootstrapper - Found @SpringBootConfiguration com.pensioner.detail.PensionerDetailMicroserviceApplication for test class com.pensioner.detail.controller.PensionerDetailControllerMethodTest
2022-05-22_21-21-57 [main] INFO  o.s.b.t.c.SpringBootTestContextBootstrapper - Loaded default TestExecutionListener class names from location [META-INF/spring.factories]: [org.springframework.boot.test.mock.mockito.MockitoTestExecutionListener, org.springframework.boot.test.mock.mockito.ResetMocksTestExecutionListener, org.springframework.boot.test.autoconfigure.restdocs.RestDocsTestExecutionListener, org.springframework.boot.test.autoconfigure.web.client.MockRestServiceServerResetTestExecutionListener, org.springframework.boot.test.autoconfigure.web.servlet.MockMvcPrintOnlyOnFailureTestExecutionListener, org.springframework.boot.test.autoconfigure.web.servlet.WebDriverTestExecutionListener, org.springframework.boot.test.autoconfigure.webservices.client.MockWebServiceServerTestExecutionListener, org.springframework.test.context.web.ServletTestExecutionListener, org.springframework.test.context.support.DirtiesContextBeforeModesTestExecutionListener, org.springframework.test.context.event.ApplicationEventsTestExecutionListener, org.springframework.test.context.support.DependencyInjectionTestExecutionListener, org.springframework.test.context.support.DirtiesContextTestExecutionListener, org.springframework.test.context.transaction.TransactionalTestExecutionListener, org.springframework.test.context.jdbc.SqlScriptsTestExecutionListener, org.springframework.test.context.event.EventPublishingTestExecutionListener]
2022-05-22_21-21-57 [main] INFO  o.s.b.t.c.SpringBootTestContextBootstrapper - Using TestExecutionListeners: [org.springframework.test.context.web.ServletTestExecutionListener@687a762c, org.springframework.test.context.support.DirtiesContextBeforeModesTestExecutionListener@1a2e2935, org.springframework.test.context.event.ApplicationEventsTestExecutionListener@733c423e, org.springframework.boot.test.mock.mockito.MockitoTestExecutionListener@4b629f13, org.springframework.boot.test.autoconfigure.SpringBootDependencyInjectionTestExecutionListener@70925b45, org.springframework.test.context.support.DirtiesContextTestExecutionListener@1b9ea3e3, org.springframework.test.context.transaction.TransactionalTestExecutionListener@aa22f1c, org.springframework.test.context.jdbc.SqlScriptsTestExecutionListener@55e7a35c, org.springframework.test.context.event.EventPublishingTestExecutionListener@37cd92d6, org.springframework.boot.test.mock.mockito.ResetMocksTestExecutionListener@5922ae77, org.springframework.boot.test.autoconfigure.restdocs.RestDocsTestExecutionListener@4263b080, org.springframework.boot.test.autoconfigure.web.client.MockRestServiceServerResetTestExecutionListener@2af616d3, org.springframework.boot.test.autoconfigure.web.servlet.MockMvcPrintOnlyOnFailureTestExecutionListener@71f67a79, org.springframework.boot.test.autoconfigure.web.servlet.WebDriverTestExecutionListener@3deb2326, org.springframework.boot.test.autoconfigure.webservices.client.MockWebServiceServerTestExecutionListener@62d363ab]
2022-05-22_21-22-04 [main] INFO  c.p.d.c.PensionerDetailControllerMethodTest - Starting PensionerDetailControllerMethodTest using Java 11.0.14.1 on DESKTOP-DAC986Q with PID 7780 (started by Elcot in E:\qa3\PMS-JAVA\PensionerDetail-Microservice)
2022-05-22_21-22-04 [main] INFO  c.p.d.c.PensionerDetailControllerMethodTest - No active profile set, falling back to default profiles: default
2022-05-22_21-22-04 [main] INFO  o.s.d.r.c.RepositoryConfigurationDelegate - Bootstrapping Spring Data JPA repositories in DEFAULT mode.
2022-05-22_21-22-04 [main] INFO  o.s.d.r.c.RepositoryConfigurationDelegate - Finished Spring Data repository scanning in 180 ms. Found 1 JPA repository interfaces.
2022-05-22_21-22-04 [main] INFO  o.s.cloud.context.scope.GenericScope - BeanFactory id=3e67541f-3379-3536-88b1-70a62b0274b9
2022-05-22_21-22-04 [main] INFO  com.zaxxer.hikari.HikariDataSource - HikariPool-1 - Starting...
2022-05-22_21-22-04 [main] INFO  com.zaxxer.hikari.HikariDataSource - HikariPool-1 - Start completed.
2022-05-22_21-22-04 [main] INFO  o.s.o.j.LocalContainerEntityManagerFactoryBean - Initialized JPA EntityManagerFactory for persistence unit 'default'
2022-05-22_21-22-04 [main] INFO  o.s.b.a.h.H2ConsoleAutoConfiguration - H2 console available at '/db'. Database available at 'jdbc:h2:mem:ipms_db'
2022-05-22_21-22-04 [main] INFO  o.s.b.a.e.web.EndpointLinksResolver - Exposing 2 endpoint(s) beneath base path '/actuator'
2022-05-22_21-22-04 [main] INFO  s.d.s.w.PropertySourcedRequestMappingHandlerMapping - Mapped URL path [/v2/api-docs] onto method [springfox.documentation.swagger2.web.Swagger2Controller#getDocumentation(String, HttpServletRequest)]
2022-05-22_21-22-04 [main] INFO  o.s.s.c.ThreadPoolTaskExecutor - Initializing ExecutorService 'applicationTaskExecutor'
2022-05-22_21-22-04 [main] INFO  o.s.cloud.commons.util.InetUtils - Cannot determine local hostname
2022-05-22_21-22-04 [main] INFO  s.d.s.w.p.DocumentationPluginsBootstrapper - Context refreshed
2022-05-22_21-22-04 [main] INFO  s.d.s.w.p.DocumentationPluginsBootstrapper - Found 1 custom documentation plugin(s)
2022-05-22_21-22-04 [main] INFO  s.d.s.w.s.ApiListingReferenceScanner - Scanning for api listing references
2022-05-22_21-22-04 [main] INFO  s.d.s.w.r.o.CachingOperationNameGenerator - Generating unique operation named: handleUsingGET_1
2022-05-22_21-22-04 [main] INFO  s.d.s.w.r.o.CachingOperationNameGenerator - Generating unique operation named: handleUsingGET_2
2022-05-22_21-22-04 [main] INFO  c.p.d.c.PensionerDetailControllerMethodTest - Started PensionerDetailControllerMethodTest in 49.74 seconds (JVM running for 57.582)
2022-05-22_21-22-04 [main] INFO  o.s.b.t.c.SpringBootTestContextBootstrapper - Neither @ContextConfiguration nor @ContextHierarchy found for test class [com.pensioner.detail.controller.PensionerDetailControllerTest], using SpringBootContextLoader
2022-05-22_21-22-04 [main] INFO  o.s.t.c.s.AbstractContextLoader - Could not detect default resource locations for test class [com.pensioner.detail.controller.PensionerDetailControllerTest]: no resource found for suffixes {-context.xml, Context.groovy}.
2022-05-22_21-22-04 [main] INFO  o.s.t.c.s.AnnotationConfigContextLoaderUtils - Could not detect default configuration classes for test class [com.pensioner.detail.controller.PensionerDetailControllerTest]: PensionerDetailControllerTest does not declare any static, non-private, non-final, nested classes annotated with @Configuration.
2022-05-22_21-22-04 [main] INFO  o.s.b.t.c.SpringBootTestContextBootstrapper - Found @SpringBootConfiguration com.pensioner.detail.PensionerDetailMicroserviceApplication for test class com.pensioner.detail.controller.PensionerDetailControllerTest
2022-05-22_21-22-04 [main] INFO  o.s.b.t.c.SpringBootTestContextBootstrapper - Loaded default TestExecutionListener class names from location [META-INF/spring.factories]: [org.springframework.boot.test.mock.mockito.MockitoTestExecutionListener, org.springframework.boot.test.mock.mockito.ResetMocksTestExecutionListener, org.springframework.boot.test.autoconfigure.restdocs.RestDocsTestExecutionListener, org.springframework.boot.test.autoconfigure.web.client.MockRestServiceServerResetTestExecutionListener, org.springframework.boot.test.autoconfigure.web.servlet.MockMvcPrintOnlyOnFailureTestExecutionListener, org.springframework.boot.test.autoconfigure.web.servlet.WebDriverTestExecutionListener, org.springframework.boot.test.autoconfigure.webservices.client.MockWebServiceServerTestExecutionListener, org.springframework.test.context.web.ServletTestExecutionListener, org.springframework.test.context.support.DirtiesContextBeforeModesTestExecutionListener, org.springframework.test.context.event.ApplicationEventsTestExecutionListener, org.springframework.test.context.support.DependencyInjectionTestExecutionListener, org.springframework.test.context.support.DirtiesContextTestExecutionListener, org.springframework.test.context.transaction.TransactionalTestExecutionListener, org.springframework.test.context.jdbc.SqlScriptsTestExecutionListener, org.springframework.test.context.event.EventPublishingTestExecutionListener]
2022-05-22_21-22-04 [main] INFO  o.s.b.t.c.SpringBootTestContextBootstrapper - Using TestExecutionListeners: [org.springframework.test.context.web.ServletTestExecutionListener@4f86cd50, org.springframework.test.context.support.DirtiesContextBeforeModesTestExecutionListener@538c90bf, org.springframework.test.context.event.ApplicationEventsTestExecutionListener@62bcfa01, org.springframework.boot.test.mock.mockito.MockitoTestExecutionListener@b549c4a, org.springframework.boot.test.autoconfigure.SpringBootDependencyInjectionTestExecutionListener@72412c3d, org.springframework.test.context.support.DirtiesContextTestExecutionListener@457f43a2, org.springframework.test.context.transaction.TransactionalTestExecutionListener@4016d5fe, org.springframework.test.context.jdbc.SqlScriptsTestExecutionListener@6f8fa77a, org.springframework.test.context.event.EventPublishingTestExecutionListener@14d44e72, org.springframework.boot.test.mock.mockito.ResetMocksTestExecutionListener@2b097d19, org.springframework.boot.test.autoconfigure.restdocs.RestDocsTestExecutionListener@5d46f4a3, org.springframework.boot.test.autoconfigure.web.client.MockRestServiceServerResetTestExecutionListener@4fe03c06, org.springframework.boot.test.autoconfigure.web.servlet.MockMvcPrintOnlyOnFailureTestExecutionListener@79f14c56, org.springframework.boot.test.autoconfigure.web.servlet.WebDriverTestExecutionListener@19f007c4, org.springframework.boot.test.autoconfigure.webservices.client.MockWebServiceServerTestExecutionListener@73790bb5]
2022-05-22_21-22-56 [main] INFO  c.p.d.c.PensionerDetailControllerTest - Starting PensionerDetailControllerTest using Java 11.0.14.1 on DESKTOP-DAC986Q with PID 7780 (started by Elcot in E:\qa3\PMS-JAVA\PensionerDetail-Microservice)
2022-05-22_21-22-56 [main] INFO  c.p.d.c.PensionerDetailControllerTest - No active profile set, falling back to default profiles: default
2022-05-22_21-22-56 [main] INFO  o.s.d.r.c.RepositoryConfigurationDelegate - Bootstrapping Spring Data JPA repositories in DEFAULT mode.
2022-05-22_21-22-56 [main] INFO  o.s.d.r.c.RepositoryConfigurationDelegate - Finished Spring Data repository scanning in 35 ms. Found 1 JPA repository interfaces.
2022-05-22_21-22-56 [main] INFO  o.s.cloud.context.scope.GenericScope - BeanFactory id=ff1b0eff-8989-3b46-b56e-aac52b6e4cba
2022-05-22_21-22-56 [main] INFO  com.zaxxer.hikari.HikariDataSource - HikariPool-2 - Starting...
2022-05-22_21-22-56 [main] INFO  com.zaxxer.hikari.HikariDataSource - HikariPool-2 - Start completed.
2022-05-22_21-22-56 [main] INFO  o.s.o.j.LocalContainerEntityManagerFactoryBean - Initialized JPA EntityManagerFactory for persistence unit 'default'
2022-05-22_21-22-56 [main] INFO  o.s.b.a.h.H2ConsoleAutoConfiguration - H2 console available at '/db'. Database available at 'jdbc:h2:mem:ipms_db'
2022-05-22_21-22-56 [main] INFO  o.s.b.a.e.web.EndpointLinksResolver - Exposing 2 endpoint(s) beneath base path '/actuator'
2022-05-22_21-22-56 [main] INFO  s.d.s.w.PropertySourcedRequestMappingHandlerMapping - Mapped URL path [/v2/api-docs] onto method [springfox.documentation.swagger2.web.Swagger2Controller#getDocumentation(String, HttpServletRequest)]
2022-05-22_21-22-56 [main] INFO  o.s.s.c.ThreadPoolTaskExecutor - Initializing ExecutorService 'applicationTaskExecutor'
2022-05-22_21-22-56 [main] INFO  o.s.b.t.m.w.SpringBootMockServletContext - Initializing Spring TestDispatcherServlet ''
2022-05-22_21-22-56 [main] INFO  o.s.t.w.s.TestDispatcherServlet - Initializing Servlet ''
2022-05-22_21-22-56 [main] INFO  o.s.t.w.s.TestDispatcherServlet - Completed initialization in 2 ms
2022-05-22_21-22-56 [main] INFO  o.s.cloud.commons.util.InetUtils - Cannot determine local hostname
2022-05-22_21-22-56 [main] INFO  s.d.s.w.p.DocumentationPluginsBootstrapper - Context refreshed
2022-05-22_21-22-56 [main] INFO  s.d.s.w.p.DocumentationPluginsBootstrapper - Found 1 custom documentation plugin(s)
2022-05-22_21-22-56 [main] INFO  s.d.s.w.s.ApiListingReferenceScanner - Scanning for api listing references
2022-05-22_21-22-56 [main] INFO  s.d.s.w.r.o.CachingOperationNameGenerator - Generating unique operation named: handleUsingGET_1
2022-05-22_21-22-56 [main] INFO  s.d.s.w.r.o.CachingOperationNameGenerator - Generating unique operation named: handleUsingGET_2
2022-05-22_21-22-56 [main] INFO  c.p.d.c.PensionerDetailControllerTest - Started PensionerDetailControllerTest in 20.197 seconds (JVM running for 80.615)
2022-05-22_21-22-56 [main] INFO  o.s.b.t.c.SpringBootTestContextBootstrapper - Neither @ContextConfiguration nor @ContextHierarchy found for test class [com.pensioner.detail.exception.PensionerDetailExceptionTest], using SpringBootContextLoader
2022-05-22_21-22-56 [main] INFO  o.s.t.c.s.AbstractContextLoader - Could not detect default resource locations for test class [com.pensioner.detail.exception.PensionerDetailExceptionTest]: no resource found for suffixes {-context.xml, Context.groovy}.
2022-05-22_21-22-56 [main] INFO  o.s.t.c.s.AnnotationConfigContextLoaderUtils - Could not detect default configuration classes for test class [com.pensioner.detail.exception.PensionerDetailExceptionTest]: PensionerDetailExceptionTest does not declare any static, non-private, non-final, nested classes annotated with @Configuration.
2022-05-22_21-22-56 [main] INFO  o.s.b.t.c.SpringBootTestContextBootstrapper - Found @SpringBootConfiguration com.pensioner.detail.PensionerDetailMicroserviceApplication for test class com.pensioner.detail.exception.PensionerDetailExceptionTest
2022-05-22_21-22-56 [main] INFO  o.s.b.t.c.SpringBootTestContextBootstrapper - Loaded default TestExecutionListener class names from location [META-INF/spring.factories]: [org.springframework.boot.test.mock.mockito.MockitoTestExecutionListener, org.springframework.boot.test.mock.mockito.ResetMocksTestExecutionListener, org.springframework.boot.test.autoconfigure.restdocs.RestDocsTestExecutionListener, org.springframework.boot.test.autoconfigure.web.client.MockRestServiceServerResetTestExecutionListener, org.springframework.boot.test.autoconfigure.web.servlet.MockMvcPrintOnlyOnFailureTestExecutionListener, org.springframework.boot.test.autoconfigure.web.servlet.WebDriverTestExecutionListener, org.springframework.boot.test.autoconfigure.webservices.client.MockWebServiceServerTestExecutionListener, org.springframework.test.context.web.ServletTestExecutionListener, org.springframework.test.context.support.DirtiesContextBeforeModesTestExecutionListener, org.springframework.test.context.event.ApplicationEventsTestExecutionListener, org.springframework.test.context.support.DependencyInjectionTestExecutionListener, org.springframework.test.context.support.DirtiesContextTestExecutionListener, org.springframework.test.context.transaction.TransactionalTestExecutionListener, org.springframework.test.context.jdbc.SqlScriptsTestExecutionListener, org.springframework.test.context.event.EventPublishingTestExecutionListener]
2022-05-22_21-22-56 [main] INFO  o.s.b.t.c.SpringBootTestContextBootstrapper - Using TestExecutionListeners: [org.springframework.test.context.web.ServletTestExecutionListener@462b3fc7, org.springframework.test.context.support.DirtiesContextBeforeModesTestExecutionListener@7959747d, org.springframework.test.context.event.ApplicationEventsTestExecutionListener@19a920d1, org.springframework.boot.test.mock.mockito.MockitoTestExecutionListener@6c861b25, org.springframework.boot.test.autoconfigure.SpringBootDependencyInjectionTestExecutionListener@73ccc475, org.springframework.test.context.support.DirtiesContextTestExecutionListener@4184bced, org.springframework.test.context.transaction.TransactionalTestExecutionListener@117bb3a4, org.springframework.test.context.jdbc.SqlScriptsTestExecutionListener@4d78dd9d, org.springframework.test.context.event.EventPublishingTestExecutionListener@5802572b, org.springframework.boot.test.mock.mockito.ResetMocksTestExecutionListener@3c05fb12, org.springframework.boot.test.autoconfigure.restdocs.RestDocsTestExecutionListener@702f99a5, org.springframework.boot.test.autoconfigure.web.client.MockRestServiceServerResetTestExecutionListener@7b303608, org.springframework.boot.test.autoconfigure.web.servlet.MockMvcPrintOnlyOnFailureTestExecutionListener@31419d4a, org.springframework.boot.test.autoconfigure.web.servlet.WebDriverTestExecutionListener@220f2d1b, org.springframework.boot.test.autoconfigure.webservices.client.MockWebServiceServerTestExecutionListener@2ee16a4e]
2022-05-22_21-23-17 [main] INFO  c.p.d.e.PensionerDetailExceptionTest - Starting PensionerDetailExceptionTest using Java 11.0.14.1 on DESKTOP-DAC986Q with PID 7780 (started by Elcot in E:\qa3\PMS-JAVA\PensionerDetail-Microservice)
2022-05-22_21-23-17 [main] INFO  c.p.d.e.PensionerDetailExceptionTest - No active profile set, falling back to default profiles: default
2022-05-22_21-23-17 [main] INFO  o.s.d.r.c.RepositoryConfigurationDelegate - Bootstrapping Spring Data JPA repositories in DEFAULT mode.
2022-05-22_21-23-17 [main] INFO  o.s.d.r.c.RepositoryConfigurationDelegate - Finished Spring Data repository scanning in 116 ms. Found 1 JPA repository interfaces.
2022-05-22_21-23-17 [main] INFO  o.s.cloud.context.scope.GenericScope - BeanFactory id=3e67541f-3379-3536-88b1-70a62b0274b9
2022-05-22_21-23-17 [main] INFO  o.s.c.s.PostProcessorRegistrationDelegate$BeanPostProcessorChecker - Bean 'com.pensioner.detail.feignclient.AuthorisingClient' of type [org.springframework.cloud.openfeign.FeignClientFactoryBean] is not eligible for getting processed by all BeanPostProcessors (for example: not eligible for auto-proxying)
2022-05-22_21-23-17 [main] INFO  com.zaxxer.hikari.HikariDataSource - HikariPool-3 - Starting...
2022-05-22_21-23-17 [main] INFO  com.zaxxer.hikari.HikariDataSource - HikariPool-3 - Start completed.
2022-05-22_21-23-17 [main] INFO  o.s.o.j.LocalContainerEntityManagerFactoryBean - Initialized JPA EntityManagerFactory for persistence unit 'default'
2022-05-22_21-23-17 [main] INFO  o.s.b.a.h.H2ConsoleAutoConfiguration - H2 console available at '/db'. Database available at 'jdbc:h2:mem:ipms_db'
2022-05-22_21-23-17 [main] INFO  o.s.b.a.e.web.EndpointLinksResolver - Exposing 2 endpoint(s) beneath base path '/actuator'
2022-05-22_21-23-17 [main] INFO  s.d.s.w.PropertySourcedRequestMappingHandlerMapping - Mapped URL path [/v2/api-docs] onto method [springfox.documentation.swagger2.web.Swagger2Controller#getDocumentation(String, HttpServletRequest)]
2022-05-22_21-23-17 [main] INFO  o.s.s.c.ThreadPoolTaskExecutor - Initializing ExecutorService 'applicationTaskExecutor'
2022-05-22_21-23-17 [main] INFO  o.s.cloud.commons.util.InetUtils - Cannot determine local hostname
2022-05-22_21-23-17 [main] INFO  s.d.s.w.p.DocumentationPluginsBootstrapper - Context refreshed
2022-05-22_21-23-17 [main] INFO  s.d.s.w.p.DocumentationPluginsBootstrapper - Found 1 custom documentation plugin(s)
2022-05-22_21-23-17 [main] INFO  s.d.s.w.s.ApiListingReferenceScanner - Scanning for api listing references
2022-05-22_21-23-17 [main] INFO  s.d.s.w.r.o.CachingOperationNameGenerator - Generating unique operation named: handleUsingGET_1
2022-05-22_21-23-17 [main] INFO  s.d.s.w.r.o.CachingOperationNameGenerator - Generating unique operation named: handleUsingGET_2
2022-05-22_21-23-17 [main] INFO  c.p.d.e.PensionerDetailExceptionTest - Started PensionerDetailExceptionTest in 15.961 seconds (JVM running for 98.841)
2022-05-22_21-23-17 [main] INFO  o.s.b.t.c.SpringBootTestContextBootstrapper - Neither @ContextConfiguration nor @ContextHierarchy found for test class [com.pensioner.detail.PensionerDetailMicroserviceApplicationTests], using SpringBootContextLoader
2022-05-22_21-23-17 [main] INFO  o.s.t.c.s.AbstractContextLoader - Could not detect default resource locations for test class [com.pensioner.detail.PensionerDetailMicroserviceApplicationTests]: no resource found for suffixes {-context.xml, Context.groovy}.
2022-05-22_21-23-17 [main] INFO  o.s.t.c.s.AnnotationConfigContextLoaderUtils - Could not detect default configuration classes for test class [com.pensioner.detail.PensionerDetailMicroserviceApplicationTests]: PensionerDetailMicroserviceApplicationTests does not declare any static, non-private, non-final, nested classes annotated with @Configuration.
2022-05-22_21-23-17 [main] INFO  o.s.b.t.c.SpringBootTestContextBootstrapper - Found @SpringBootConfiguration com.pensioner.detail.PensionerDetailMicroserviceApplication for test class com.pensioner.detail.PensionerDetailMicroserviceApplicationTests
2022-05-22_21-23-17 [main] INFO  o.s.b.t.c.SpringBootTestContextBootstrapper - Loaded default TestExecutionListener class names from location [META-INF/spring.factories]: [org.springframework.boot.test.mock.mockito.MockitoTestExecutionListener, org.springframework.boot.test.mock.mockito.ResetMocksTestExecutionListener, org.springframework.boot.test.autoconfigure.restdocs.RestDocsTestExecutionListener, org.springframework.boot.test.autoconfigure.web.client.MockRestServiceServerResetTestExecutionListener, org.springframework.boot.test.autoconfigure.web.servlet.MockMvcPrintOnlyOnFailureTestExecutionListener, org.springframework.boot.test.autoconfigure.web.servlet.WebDriverTestExecutionListener, org.springframework.boot.test.autoconfigure.webservices.client.MockWebServiceServerTestExecutionListener, org.springframework.test.context.web.ServletTestExecutionListener, org.springframework.test.context.support.DirtiesContextBeforeModesTestExecutionListener, org.springframework.test.context.event.ApplicationEventsTestExecutionListener, org.springframework.test.context.support.DependencyInjectionTestExecutionListener, org.springframework.test.context.support.DirtiesContextTestExecutionListener, org.springframework.test.context.transaction.TransactionalTestExecutionListener, org.springframework.test.context.jdbc.SqlScriptsTestExecutionListener, org.springframework.test.context.event.EventPublishingTestExecutionListener]
2022-05-22_21-23-17 [main] INFO  o.s.b.t.c.SpringBootTestContextBootstrapper - Using TestExecutionListeners: [org.springframework.test.context.web.ServletTestExecutionListener@76774d3f, org.springframework.test.context.support.DirtiesContextBeforeModesTestExecutionListener@3324f7fb, org.springframework.test.context.event.ApplicationEventsTestExecutionListener@1aed9d7d, org.springframework.boot.test.mock.mockito.MockitoTestExecutionListener@2c9cdbc9, org.springframework.boot.test.autoconfigure.SpringBootDependencyInjectionTestExecutionListener@60ce75d0, org.springframework.test.context.support.DirtiesContextTestExecutionListener@74c1cd1d, org.springframework.test.context.transaction.TransactionalTestExecutionListener@231a08d, org.springframework.test.context.jdbc.SqlScriptsTestExecutionListener@48b97191, org.springframework.test.context.event.EventPublishingTestExecutionListener@5bcafda3, org.springframework.boot.test.mock.mockito.ResetMocksTestExecutionListener@21996ae2, org.springframework.boot.test.autoconfigure.restdocs.RestDocsTestExecutionListener@2e239394, org.springframework.boot.test.autoconfigure.web.client.MockRestServiceServerResetTestExecutionListener@2d154a38, org.springframework.boot.test.autoconfigure.web.servlet.MockMvcPrintOnlyOnFailureTestExecutionListener@21be9ddc, org.springframework.boot.test.autoconfigure.web.servlet.WebDriverTestExecutionListener@4b9a2d73, org.springframework.boot.test.autoconfigure.webservices.client.MockWebServiceServerTestExecutionListener@7997b8a7]
2022-05-22_21-23-34 [main] INFO  c.p.d.PensionerDetailMicroserviceApplication - Starting PensionerDetailMicroserviceApplication using Java 11.0.14.1 on DESKTOP-DAC986Q with PID 7780 (started by Elcot in E:\qa3\PMS-JAVA\PensionerDetail-Microservice)
2022-05-22_21-23-34 [main] INFO  c.p.d.PensionerDetailMicroserviceApplication - No active profile set, falling back to default profiles: default
2022-05-22_21-23-34 [main] INFO  o.s.d.r.c.RepositoryConfigurationDelegate - Bootstrapping Spring Data JPA repositories in DEFAULT mode.
2022-05-22_21-23-34 [main] INFO  o.s.d.r.c.RepositoryConfigurationDelegate - Finished Spring Data repository scanning in 39 ms. Found 1 JPA repository interfaces.
2022-05-22_21-23-34 [main] INFO  o.s.cloud.context.scope.GenericScope - BeanFactory id=6c575c5b-ca3c-31a7-b589-8214cd669173
2022-05-22_21-23-34 [main] INFO  o.s.c.s.PostProcessorRegistrationDelegate$BeanPostProcessorChecker - Bean 'com.pensioner.detail.feignclient.AuthorisingClient' of type [org.springframework.cloud.openfeign.FeignClientFactoryBean] is not eligible for getting processed by all BeanPostProcessors (for example: not eligible for auto-proxying)
2022-05-22_21-23-34 [main] INFO  o.s.b.w.e.tomcat.TomcatWebServer - Tomcat initialized with port(s): 6001 (http)
2022-05-22_21-23-34 [main] INFO  o.a.coyote.http11.Http11NioProtocol - Initializing ProtocolHandler ["http-nio-6001"]
2022-05-22_21-23-34 [main] INFO  o.a.catalina.core.StandardService - Starting service [Tomcat]
2022-05-22_21-23-34 [main] INFO  o.a.catalina.core.StandardEngine - Starting Servlet engine: [Apache Tomcat/9.0.41]
2022-05-22_21-23-34 [main] INFO  o.a.c.c.C.[.[localhost].[/pensioner] - Initializing Spring embedded WebApplicationContext
2022-05-22_21-23-34 [main] INFO  o.s.b.w.s.c.ServletWebServerApplicationContext - Root WebApplicationContext: initialization completed in 5361 ms
2022-05-22_21-23-34 [main] INFO  com.zaxxer.hikari.HikariDataSource - HikariPool-4 - Starting...
2022-05-22_21-23-34 [main] INFO  com.zaxxer.hikari.HikariDataSource - HikariPool-4 - Start completed.
2022-05-22_21-23-34 [main] INFO  o.s.b.a.h.H2ConsoleAutoConfiguration - H2 console available at '/db'. Database available at 'jdbc:h2:mem:ipms_db'
2022-05-22_21-23-34 [main] INFO  o.s.o.j.LocalContainerEntityManagerFactoryBean - Initialized JPA EntityManagerFactory for persistence unit 'default'
2022-05-22_21-23-34 [main] INFO  o.s.b.a.e.web.EndpointLinksResolver - Exposing 2 endpoint(s) beneath base path '/actuator'
2022-05-22_21-23-34 [main] INFO  s.d.s.w.PropertySourcedRequestMappingHandlerMapping - Mapped URL path [/v2/api-docs] onto method [springfox.documentation.swagger2.web.Swagger2Controller#getDocumentation(String, HttpServletRequest)]
2022-05-22_21-23-34 [main] INFO  o.s.s.c.ThreadPoolTaskExecutor - Initializing ExecutorService 'applicationTaskExecutor'
2022-05-22_21-23-34 [main] INFO  o.s.cloud.commons.util.InetUtils - Cannot determine local hostname
2022-05-22_21-23-34 [main] INFO  o.a.coyote.http11.Http11NioProtocol - Starting ProtocolHandler ["http-nio-6001"]
2022-05-22_21-23-34 [main] INFO  o.s.b.w.e.tomcat.TomcatWebServer - Tomcat started on port(s): 6001 (http) with context path '/pensioner'
2022-05-22_21-23-34 [main] INFO  o.s.cloud.commons.util.InetUtils - Cannot determine local hostname
2022-05-22_21-23-34 [main] INFO  s.d.s.w.p.DocumentationPluginsBootstrapper - Context refreshed
2022-05-22_21-23-34 [main] INFO  s.d.s.w.p.DocumentationPluginsBootstrapper - Found 1 custom documentation plugin(s)
2022-05-22_21-23-34 [main] INFO  s.d.s.w.s.ApiListingReferenceScanner - Scanning for api listing references
2022-05-22_21-23-34 [main] INFO  s.d.s.w.r.o.CachingOperationNameGenerator - Generating unique operation named: handleUsingGET_1
2022-05-22_21-23-34 [main] INFO  s.d.s.w.r.o.CachingOperationNameGenerator - Generating unique operation named: handleUsingGET_2
2022-05-22_21-23-34 [main] INFO  c.p.d.PensionerDetailMicroserviceApplication - Started PensionerDetailMicroserviceApplication in 15.9 seconds (JVM running for 115.236)
2022-05-22_21-23-34 [main] INFO  o.s.b.t.c.SpringBootTestContextBootstrapper - Neither @ContextConfiguration nor @ContextHierarchy found for test class [com.pensioner.detail.service.PensionerDetailServiceTest], using SpringBootContextLoader
2022-05-22_21-23-34 [main] INFO  o.s.t.c.s.AbstractContextLoader - Could not detect default resource locations for test class [com.pensioner.detail.service.PensionerDetailServiceTest]: no resource found for suffixes {-context.xml, Context.groovy}.
2022-05-22_21-23-34 [main] INFO  o.s.t.c.s.AnnotationConfigContextLoaderUtils - Could not detect default configuration classes for test class [com.pensioner.detail.service.PensionerDetailServiceTest]: PensionerDetailServiceTest does not declare any static, non-private, non-final, nested classes annotated with @Configuration.
2022-05-22_21-23-34 [main] INFO  o.s.b.t.c.SpringBootTestContextBootstrapper - Found @SpringBootConfiguration com.pensioner.detail.PensionerDetailMicroserviceApplication for test class com.pensioner.detail.service.PensionerDetailServiceTest
2022-05-22_21-23-34 [main] INFO  o.s.b.t.c.SpringBootTestContextBootstrapper - Loaded default TestExecutionListener class names from location [META-INF/spring.factories]: [org.springframework.boot.test.mock.mockito.MockitoTestExecutionListener, org.springframework.boot.test.mock.mockito.ResetMocksTestExecutionListener, org.springframework.boot.test.autoconfigure.restdocs.RestDocsTestExecutionListener, org.springframework.boot.test.autoconfigure.web.client.MockRestServiceServerResetTestExecutionListener, org.springframework.boot.test.autoconfigure.web.servlet.MockMvcPrintOnlyOnFailureTestExecutionListener, org.springframework.boot.test.autoconfigure.web.servlet.WebDriverTestExecutionListener, org.springframework.boot.test.autoconfigure.webservices.client.MockWebServiceServerTestExecutionListener, org.springframework.test.context.web.ServletTestExecutionListener, org.springframework.test.context.support.DirtiesContextBeforeModesTestExecutionListener, org.springframework.test.context.event.ApplicationEventsTestExecutionListener, org.springframework.test.context.support.DependencyInjectionTestExecutionListener, org.springframework.test.context.support.DirtiesContextTestExecutionListener, org.springframework.test.context.transaction.TransactionalTestExecutionListener, org.springframework.test.context.jdbc.SqlScriptsTestExecutionListener, org.springframework.test.context.event.EventPublishingTestExecutionListener]
2022-05-22_21-23-34 [main] INFO  o.s.b.t.c.SpringBootTestContextBootstrapper - Using TestExecutionListeners: [org.springframework.test.context.web.ServletTestExecutionListener@fe9681d, org.springframework.test.context.support.DirtiesContextBeforeModesTestExecutionListener@76966e68, org.springframework.test.context.event.ApplicationEventsTestExecutionListener@6ac4da08, org.springframework.boot.test.mock.mockito.MockitoTestExecutionListener@140fb15a, org.springframework.boot.test.autoconfigure.SpringBootDependencyInjectionTestExecutionListener@50629a46, org.springframework.test.context.support.DirtiesContextTestExecutionListener@15c24b0c, org.springframework.test.context.transaction.TransactionalTestExecutionListener@599ad726, org.springframework.test.context.jdbc.SqlScriptsTestExecutionListener@3076282e, org.springframework.test.context.event.EventPublishingTestExecutionListener@740224cc, org.springframework.boot.test.mock.mockito.ResetMocksTestExecutionListener@731f9b6b, org.springframework.boot.test.autoconfigure.restdocs.RestDocsTestExecutionListener@7c3341c9, org.springframework.boot.test.autoconfigure.web.client.MockRestServiceServerResetTestExecutionListener@7d053139, org.springframework.boot.test.autoconfigure.web.servlet.MockMvcPrintOnlyOnFailureTestExecutionListener@18444e11, org.springframework.boot.test.autoconfigure.web.servlet.WebDriverTestExecutionListener@178f5ab1, org.springframework.boot.test.autoconfigure.webservices.client.MockWebServiceServerTestExecutionListener@71d47c80]
2022-05-22_21-23-34 [SpringContextShutdownHook] INFO  o.s.s.c.ThreadPoolTaskExecutor - Shutting down ExecutorService 'applicationTaskExecutor'
2022-05-22_21-23-34 [SpringContextShutdownHook] INFO  o.s.s.c.ThreadPoolTaskExecutor - Shutting down ExecutorService 'applicationTaskExecutor'
2022-05-22_21-23-34 [SpringContextShutdownHook] INFO  o.s.o.j.LocalContainerEntityManagerFactoryBean - Closing JPA EntityManagerFactory for persistence unit 'default'
2022-05-22_21-23-34 [SpringContextShutdownHook] INFO  o.s.s.c.ThreadPoolTaskExecutor - Shutting down ExecutorService 'applicationTaskExecutor'
2022-05-22_21-23-34 [SpringContextShutdownHook] INFO  o.s.o.j.LocalContainerEntityManagerFactoryBean - Closing JPA EntityManagerFactory for persistence unit 'default'
2022-05-22_21-23-34 [SpringContextShutdownHook] INFO  o.s.o.j.LocalContainerEntityManagerFactoryBean - Closing JPA EntityManagerFactory for persistence unit 'default'
2022-05-22_21-23-34 [SpringContextShutdownHook] INFO  com.zaxxer.hikari.HikariDataSource - HikariPool-2 - Shutdown initiated...
2022-05-22_21-23-34 [SpringContextShutdownHook] INFO  com.zaxxer.hikari.HikariDataSource - HikariPool-1 - Shutdown initiated...
2022-05-22_21-23-34 [SpringContextShutdownHook] INFO  com.zaxxer.hikari.HikariDataSource - HikariPool-3 - Shutdown initiated...
2022-05-22_21-23-34 [SpringContextShutdownHook] INFO  com.zaxxer.hikari.HikariDataSource - HikariPool-1 - Shutdown completed.
2022-05-22_21-23-34 [SpringContextShutdownHook] INFO  com.zaxxer.hikari.HikariDataSource - HikariPool-2 - Shutdown completed.
2022-05-22_21-23-34 [SpringContextShutdownHook] INFO  com.zaxxer.hikari.HikariDataSource - HikariPool-3 - Shutdown completed.
2022-05-22_21-23-34 [SpringContextShutdownHook] INFO  o.s.s.c.ThreadPoolTaskExecutor - Shutting down ExecutorService 'applicationTaskExecutor'
2022-05-22_21-23-34 [SpringContextShutdownHook] INFO  o.s.o.j.LocalContainerEntityManagerFactoryBean - Closing JPA EntityManagerFactory for persistence unit 'default'
2022-05-22_21-23-34 [SpringContextShutdownHook] INFO  com.zaxxer.hikari.HikariDataSource - HikariPool-4 - Shutdown initiated...
2022-05-22_21-23-34 [SpringContextShutdownHook] INFO  com.zaxxer.hikari.HikariDataSource - HikariPool-4 - Shutdown completed.
