2022-05-19_13-26-49 [main] INFO  o.s.b.t.c.SpringBootTestContextBootstrapper - Neither @ContextConfiguration nor @ContextHierarchy found for test class [com.pensioner.detail.controller.PensionerDetailControllerMethodTest], using SpringBootContextLoader
2022-05-19_13-26-49 [main] INFO  o.s.t.c.s.AbstractContextLoader - Could not detect default resource locations for test class [com.pensioner.detail.controller.PensionerDetailControllerMethodTest]: no resource found for suffixes {-context.xml, Context.groovy}.
2022-05-19_13-26-49 [main] INFO  o.s.t.c.s.AnnotationConfigContextLoaderUtils - Could not detect default configuration classes for test class [com.pensioner.detail.controller.PensionerDetailControllerMethodTest]: PensionerDetailControllerMethodTest does not declare any static, non-private, non-final, nested classes annotated with @Configuration.
2022-05-19_13-26-49 [main] INFO  o.s.b.t.c.SpringBootTestContextBootstrapper - Found @SpringBootConfiguration com.pensioner.detail.PensionerDetailMicroserviceApplication for test class com.pensioner.detail.controller.PensionerDetailControllerMethodTest
2022-05-19_13-26-49 [main] INFO  o.s.b.t.c.SpringBootTestContextBootstrapper - Loaded default TestExecutionListener class names from location [META-INF/spring.factories]: [org.springframework.boot.test.mock.mockito.MockitoTestExecutionListener, org.springframework.boot.test.mock.mockito.ResetMocksTestExecutionListener, org.springframework.boot.test.autoconfigure.restdocs.RestDocsTestExecutionListener, org.springframework.boot.test.autoconfigure.web.client.MockRestServiceServerResetTestExecutionListener, org.springframework.boot.test.autoconfigure.web.servlet.MockMvcPrintOnlyOnFailureTestExecutionListener, org.springframework.boot.test.autoconfigure.web.servlet.WebDriverTestExecutionListener, org.springframework.boot.test.autoconfigure.webservices.client.MockWebServiceServerTestExecutionListener, org.springframework.test.context.web.ServletTestExecutionListener, org.springframework.test.context.support.DirtiesContextBeforeModesTestExecutionListener, org.springframework.test.context.event.ApplicationEventsTestExecutionListener, org.springframework.test.context.support.DependencyInjectionTestExecutionListener, org.springframework.test.context.support.DirtiesContextTestExecutionListener, org.springframework.test.context.transaction.TransactionalTestExecutionListener, org.springframework.test.context.jdbc.SqlScriptsTestExecutionListener, org.springframework.test.context.event.EventPublishingTestExecutionListener]
2022-05-19_13-26-49 [main] INFO  o.s.b.t.c.SpringBootTestContextBootstrapper - Using TestExecutionListeners: [org.springframework.test.context.web.ServletTestExecutionListener@579d011c, org.springframework.test.context.support.DirtiesContextBeforeModesTestExecutionListener@3670f00, org.springframework.test.context.event.ApplicationEventsTestExecutionListener@452e26d0, org.springframework.boot.test.mock.mockito.MockitoTestExecutionListener@46ab18da, org.springframework.boot.test.autoconfigure.SpringBootDependencyInjectionTestExecutionListener@790174f2, org.springframework.test.context.support.DirtiesContextTestExecutionListener@42257bdd, org.springframework.test.context.transaction.TransactionalTestExecutionListener@7689ddef, org.springframework.test.context.jdbc.SqlScriptsTestExecutionListener@687a762c, org.springframework.test.context.event.EventPublishingTestExecutionListener@1a2e2935, org.springframework.boot.test.mock.mockito.ResetMocksTestExecutionListener@733c423e, org.springframework.boot.test.autoconfigure.restdocs.RestDocsTestExecutionListener@4b629f13, org.springframework.boot.test.autoconfigure.web.client.MockRestServiceServerResetTestExecutionListener@70925b45, org.springframework.boot.test.autoconfigure.web.servlet.MockMvcPrintOnlyOnFailureTestExecutionListener@1b9ea3e3, org.springframework.boot.test.autoconfigure.web.servlet.WebDriverTestExecutionListener@aa22f1c, org.springframework.boot.test.autoconfigure.webservices.client.MockWebServiceServerTestExecutionListener@55e7a35c]
2022-05-19_13-27-18 [main] INFO  c.p.d.c.PensionerDetailControllerMethodTest - Starting PensionerDetailControllerMethodTest using Java 11.0.14.1 on DESKTOP-DAC986Q with PID 13028 (started by Elcot in E:\qa3\PMS-JAVA\PensionerDetail-Microservice)
2022-05-19_13-27-18 [main] INFO  c.p.d.c.PensionerDetailControllerMethodTest - No active profile set, falling back to default profiles: default
2022-05-19_13-27-18 [main] INFO  o.s.d.r.c.RepositoryConfigurationDelegate - Bootstrapping Spring Data JPA repositories in DEFAULT mode.
2022-05-19_13-27-18 [main] INFO  o.s.d.r.c.RepositoryConfigurationDelegate - Finished Spring Data repository scanning in 1002 ms. Found 1 JPA repository interfaces.
2022-05-19_13-27-18 [main] INFO  o.s.cloud.context.scope.GenericScope - BeanFactory id=3e67541f-3379-3536-88b1-70a62b0274b9
2022-05-19_13-27-18 [main] INFO  com.zaxxer.hikari.HikariDataSource - HikariPool-1 - Starting...
2022-05-19_13-27-18 [main] INFO  com.zaxxer.hikari.HikariDataSource - HikariPool-1 - Start completed.
2022-05-19_13-27-18 [main] INFO  o.s.o.j.LocalContainerEntityManagerFactoryBean - Initialized JPA EntityManagerFactory for persistence unit 'default'
2022-05-19_13-27-18 [main] INFO  o.s.b.a.h.H2ConsoleAutoConfiguration - H2 console available at '/db'. Database available at 'jdbc:h2:mem:ipms_db'
2022-05-19_13-27-18 [main] INFO  o.s.b.a.e.web.EndpointLinksResolver - Exposing 2 endpoint(s) beneath base path '/actuator'
2022-05-19_13-27-18 [main] INFO  s.d.s.w.PropertySourcedRequestMappingHandlerMapping - Mapped URL path [/v2/api-docs] onto method [springfox.documentation.swagger2.web.Swagger2Controller#getDocumentation(String, HttpServletRequest)]
2022-05-19_13-27-18 [main] INFO  o.s.s.c.ThreadPoolTaskExecutor - Initializing ExecutorService 'applicationTaskExecutor'
2022-05-19_13-27-18 [main] INFO  o.s.cloud.commons.util.InetUtils - Cannot determine local hostname
2022-05-19_13-27-18 [main] INFO  s.d.s.w.p.DocumentationPluginsBootstrapper - Context refreshed
2022-05-19_13-27-18 [main] INFO  s.d.s.w.p.DocumentationPluginsBootstrapper - Found 1 custom documentation plugin(s)
2022-05-19_13-27-18 [main] INFO  s.d.s.w.s.ApiListingReferenceScanner - Scanning for api listing references
2022-05-19_13-27-18 [main] INFO  s.d.s.w.r.o.CachingOperationNameGenerator - Generating unique operation named: handleUsingGET_1
2022-05-19_13-27-18 [main] INFO  s.d.s.w.r.o.CachingOperationNameGenerator - Generating unique operation named: handleUsingGET_2
2022-05-19_13-27-18 [main] INFO  c.p.d.c.PensionerDetailControllerMethodTest - Started PensionerDetailControllerMethodTest in 240.045 seconds (JVM running for 303.495)
2022-05-19_13-27-18 [main] INFO  o.s.b.t.c.SpringBootTestContextBootstrapper - Neither @ContextConfiguration nor @ContextHierarchy found for test class [com.pensioner.detail.controller.PensionerDetailControllerTest], using SpringBootContextLoader
2022-05-19_13-27-18 [main] INFO  o.s.t.c.s.AbstractContextLoader - Could not detect default resource locations for test class [com.pensioner.detail.controller.PensionerDetailControllerTest]: no resource found for suffixes {-context.xml, Context.groovy}.
2022-05-19_13-27-18 [main] INFO  o.s.t.c.s.AnnotationConfigContextLoaderUtils - Could not detect default configuration classes for test class [com.pensioner.detail.controller.PensionerDetailControllerTest]: PensionerDetailControllerTest does not declare any static, non-private, non-final, nested classes annotated with @Configuration.
2022-05-19_13-27-18 [main] INFO  o.s.b.t.c.SpringBootTestContextBootstrapper - Found @SpringBootConfiguration com.pensioner.detail.PensionerDetailMicroserviceApplication for test class com.pensioner.detail.controller.PensionerDetailControllerTest
2022-05-19_13-27-18 [main] INFO  o.s.b.t.c.SpringBootTestContextBootstrapper - Loaded default TestExecutionListener class names from location [META-INF/spring.factories]: [org.springframework.boot.test.mock.mockito.MockitoTestExecutionListener, org.springframework.boot.test.mock.mockito.ResetMocksTestExecutionListener, org.springframework.boot.test.autoconfigure.restdocs.RestDocsTestExecutionListener, org.springframework.boot.test.autoconfigure.web.client.MockRestServiceServerResetTestExecutionListener, org.springframework.boot.test.autoconfigure.web.servlet.MockMvcPrintOnlyOnFailureTestExecutionListener, org.springframework.boot.test.autoconfigure.web.servlet.WebDriverTestExecutionListener, org.springframework.boot.test.autoconfigure.webservices.client.MockWebServiceServerTestExecutionListener, org.springframework.test.context.web.ServletTestExecutionListener, org.springframework.test.context.support.DirtiesContextBeforeModesTestExecutionListener, org.springframework.test.context.event.ApplicationEventsTestExecutionListener, org.springframework.test.context.support.DependencyInjectionTestExecutionListener, org.springframework.test.context.support.DirtiesContextTestExecutionListener, org.springframework.test.context.transaction.TransactionalTestExecutionListener, org.springframework.test.context.jdbc.SqlScriptsTestExecutionListener, org.springframework.test.context.event.EventPublishingTestExecutionListener]
2022-05-19_13-27-18 [main] INFO  o.s.b.t.c.SpringBootTestContextBootstrapper - Using TestExecutionListeners: [org.springframework.test.context.web.ServletTestExecutionListener@5a85f41b, org.springframework.test.context.support.DirtiesContextBeforeModesTestExecutionListener@35abfeba, org.springframework.test.context.event.ApplicationEventsTestExecutionListener@7b031f53, org.springframework.boot.test.mock.mockito.MockitoTestExecutionListener@1b42eb0f, org.springframework.boot.test.autoconfigure.SpringBootDependencyInjectionTestExecutionListener@6e92f150, org.springframework.test.context.support.DirtiesContextTestExecutionListener@4268c16, org.springframework.test.context.transaction.TransactionalTestExecutionListener@673ce246, org.springframework.test.context.jdbc.SqlScriptsTestExecutionListener@6baa673d, org.springframework.test.context.event.EventPublishingTestExecutionListener@124b1369, org.springframework.boot.test.mock.mockito.ResetMocksTestExecutionListener@22bd6b0a, org.springframework.boot.test.autoconfigure.restdocs.RestDocsTestExecutionListener@221383c9, org.springframework.boot.test.autoconfigure.web.client.MockRestServiceServerResetTestExecutionListener@1a389b39, org.springframework.boot.test.autoconfigure.web.servlet.MockMvcPrintOnlyOnFailureTestExecutionListener@50a2034c, org.springframework.boot.test.autoconfigure.web.servlet.WebDriverTestExecutionListener@190ec769, org.springframework.boot.test.autoconfigure.webservices.client.MockWebServiceServerTestExecutionListener@27bd124a]
2022-05-19_13-31-23 [main] INFO  c.p.d.c.PensionerDetailControllerTest - Starting PensionerDetailControllerTest using Java 11.0.14.1 on DESKTOP-DAC986Q with PID 13028 (started by Elcot in E:\qa3\PMS-JAVA\PensionerDetail-Microservice)
2022-05-19_13-31-23 [main] INFO  c.p.d.c.PensionerDetailControllerTest - No active profile set, falling back to default profiles: default
2022-05-19_13-31-23 [main] INFO  o.s.d.r.c.RepositoryConfigurationDelegate - Bootstrapping Spring Data JPA repositories in DEFAULT mode.
2022-05-19_13-31-23 [main] INFO  o.s.d.r.c.RepositoryConfigurationDelegate - Finished Spring Data repository scanning in 164 ms. Found 1 JPA repository interfaces.
2022-05-19_13-31-23 [main] INFO  o.s.cloud.context.scope.GenericScope - BeanFactory id=ff1b0eff-8989-3b46-b56e-aac52b6e4cba
2022-05-19_13-31-23 [main] INFO  com.zaxxer.hikari.HikariDataSource - HikariPool-2 - Starting...
2022-05-19_13-31-23 [main] INFO  com.zaxxer.hikari.HikariDataSource - HikariPool-2 - Start completed.
2022-05-19_13-31-23 [main] INFO  o.s.o.j.LocalContainerEntityManagerFactoryBean - Initialized JPA EntityManagerFactory for persistence unit 'default'
2022-05-19_13-31-23 [main] INFO  o.s.b.a.h.H2ConsoleAutoConfiguration - H2 console available at '/db'. Database available at 'jdbc:h2:mem:ipms_db'
2022-05-19_13-31-23 [main] INFO  o.s.b.a.e.web.EndpointLinksResolver - Exposing 2 endpoint(s) beneath base path '/actuator'
2022-05-19_13-31-23 [main] INFO  s.d.s.w.PropertySourcedRequestMappingHandlerMapping - Mapped URL path [/v2/api-docs] onto method [springfox.documentation.swagger2.web.Swagger2Controller#getDocumentation(String, HttpServletRequest)]
2022-05-19_13-31-23 [main] INFO  o.s.s.c.ThreadPoolTaskExecutor - Initializing ExecutorService 'applicationTaskExecutor'
2022-05-19_13-31-23 [main] INFO  o.s.b.t.m.w.SpringBootMockServletContext - Initializing Spring TestDispatcherServlet ''
2022-05-19_13-31-23 [main] INFO  o.s.t.w.s.TestDispatcherServlet - Initializing Servlet ''
2022-05-19_13-31-23 [main] INFO  o.s.t.w.s.TestDispatcherServlet - Completed initialization in 5 ms
2022-05-19_13-31-23 [main] INFO  o.s.cloud.commons.util.InetUtils - Cannot determine local hostname
2022-05-19_13-31-23 [main] INFO  s.d.s.w.p.DocumentationPluginsBootstrapper - Context refreshed
2022-05-19_13-31-23 [main] INFO  s.d.s.w.p.DocumentationPluginsBootstrapper - Found 1 custom documentation plugin(s)
2022-05-19_13-31-23 [main] INFO  s.d.s.w.s.ApiListingReferenceScanner - Scanning for api listing references
2022-05-19_13-31-23 [main] INFO  s.d.s.w.r.o.CachingOperationNameGenerator - Generating unique operation named: handleUsingGET_1
2022-05-19_13-31-23 [main] INFO  s.d.s.w.r.o.CachingOperationNameGenerator - Generating unique operation named: handleUsingGET_2
2022-05-19_13-31-23 [main] INFO  c.p.d.c.PensionerDetailControllerTest - Started PensionerDetailControllerTest in 51.776 seconds (JVM running for 363.882)
2022-05-19_13-31-23 [main] INFO  o.s.b.t.c.SpringBootTestContextBootstrapper - Neither @ContextConfiguration nor @ContextHierarchy found for test class [com.pensioner.detail.exception.PensionerDetailExceptionTest], using SpringBootContextLoader
2022-05-19_13-31-23 [main] INFO  o.s.t.c.s.AbstractContextLoader - Could not detect default resource locations for test class [com.pensioner.detail.exception.PensionerDetailExceptionTest]: no resource found for suffixes {-context.xml, Context.groovy}.
2022-05-19_13-31-23 [main] INFO  o.s.t.c.s.AnnotationConfigContextLoaderUtils - Could not detect default configuration classes for test class [com.pensioner.detail.exception.PensionerDetailExceptionTest]: PensionerDetailExceptionTest does not declare any static, non-private, non-final, nested classes annotated with @Configuration.
2022-05-19_13-31-23 [main] INFO  o.s.b.t.c.SpringBootTestContextBootstrapper - Found @SpringBootConfiguration com.pensioner.detail.PensionerDetailMicroserviceApplication for test class com.pensioner.detail.exception.PensionerDetailExceptionTest
2022-05-19_13-31-23 [main] INFO  o.s.b.t.c.SpringBootTestContextBootstrapper - Loaded default TestExecutionListener class names from location [META-INF/spring.factories]: [org.springframework.boot.test.mock.mockito.MockitoTestExecutionListener, org.springframework.boot.test.mock.mockito.ResetMocksTestExecutionListener, org.springframework.boot.test.autoconfigure.restdocs.RestDocsTestExecutionListener, org.springframework.boot.test.autoconfigure.web.client.MockRestServiceServerResetTestExecutionListener, org.springframework.boot.test.autoconfigure.web.servlet.MockMvcPrintOnlyOnFailureTestExecutionListener, org.springframework.boot.test.autoconfigure.web.servlet.WebDriverTestExecutionListener, org.springframework.boot.test.autoconfigure.webservices.client.MockWebServiceServerTestExecutionListener, org.springframework.test.context.web.ServletTestExecutionListener, org.springframework.test.context.support.DirtiesContextBeforeModesTestExecutionListener, org.springframework.test.context.event.ApplicationEventsTestExecutionListener, org.springframework.test.context.support.DependencyInjectionTestExecutionListener, org.springframework.test.context.support.DirtiesContextTestExecutionListener, org.springframework.test.context.transaction.TransactionalTestExecutionListener, org.springframework.test.context.jdbc.SqlScriptsTestExecutionListener, org.springframework.test.context.event.EventPublishingTestExecutionListener]
2022-05-19_13-31-23 [main] INFO  o.s.b.t.c.SpringBootTestContextBootstrapper - Using TestExecutionListeners: [org.springframework.test.context.web.ServletTestExecutionListener@7fb57b7c, org.springframework.test.context.support.DirtiesContextBeforeModesTestExecutionListener@e76aa, org.springframework.test.context.event.ApplicationEventsTestExecutionListener@35cf5d9, org.springframework.boot.test.mock.mockito.MockitoTestExecutionListener@58030528, org.springframework.boot.test.autoconfigure.SpringBootDependencyInjectionTestExecutionListener@c39ebcf, org.springframework.test.context.support.DirtiesContextTestExecutionListener@7ff167c4, org.springframework.test.context.transaction.TransactionalTestExecutionListener@1be7b7de, org.springframework.test.context.jdbc.SqlScriptsTestExecutionListener@5b0ddbcf, org.springframework.test.context.event.EventPublishingTestExecutionListener@182934f2, org.springframework.boot.test.mock.mockito.ResetMocksTestExecutionListener@6c92af74, org.springframework.boot.test.autoconfigure.restdocs.RestDocsTestExecutionListener@4aedac7f, org.springframework.boot.test.autoconfigure.web.client.MockRestServiceServerResetTestExecutionListener@7f8bc54e, org.springframework.boot.test.autoconfigure.web.servlet.MockMvcPrintOnlyOnFailureTestExecutionListener@2ed4e0e9, org.springframework.boot.test.autoconfigure.web.servlet.WebDriverTestExecutionListener@57441348, org.springframework.boot.test.autoconfigure.webservices.client.MockWebServiceServerTestExecutionListener@706dd38b]
2022-05-19_13-32-32 [main] INFO  c.p.d.e.PensionerDetailExceptionTest - Starting PensionerDetailExceptionTest using Java 11.0.14.1 on DESKTOP-DAC986Q with PID 13028 (started by Elcot in E:\qa3\PMS-JAVA\PensionerDetail-Microservice)
2022-05-19_13-32-32 [main] INFO  c.p.d.e.PensionerDetailExceptionTest - No active profile set, falling back to default profiles: default
2022-05-19_13-32-32 [main] INFO  o.s.d.r.c.RepositoryConfigurationDelegate - Bootstrapping Spring Data JPA repositories in DEFAULT mode.
2022-05-19_13-32-32 [main] INFO  o.s.d.r.c.RepositoryConfigurationDelegate - Finished Spring Data repository scanning in 28 ms. Found 1 JPA repository interfaces.
2022-05-19_13-32-32 [main] INFO  o.s.cloud.context.scope.GenericScope - BeanFactory id=3e67541f-3379-3536-88b1-70a62b0274b9
2022-05-19_13-32-32 [main] INFO  o.s.c.s.PostProcessorRegistrationDelegate$BeanPostProcessorChecker - Bean 'com.pensioner.detail.feignclient.AuthorisingClient' of type [org.springframework.cloud.openfeign.FeignClientFactoryBean] is not eligible for getting processed by all BeanPostProcessors (for example: not eligible for auto-proxying)
2022-05-19_13-32-32 [main] INFO  com.zaxxer.hikari.HikariDataSource - HikariPool-3 - Starting...
2022-05-19_13-32-32 [main] INFO  com.zaxxer.hikari.HikariDataSource - HikariPool-3 - Start completed.
2022-05-19_13-32-32 [main] INFO  o.s.o.j.LocalContainerEntityManagerFactoryBean - Initialized JPA EntityManagerFactory for persistence unit 'default'
2022-05-19_13-32-32 [main] INFO  o.s.b.a.h.H2ConsoleAutoConfiguration - H2 console available at '/db'. Database available at 'jdbc:h2:mem:ipms_db'
2022-05-19_13-32-32 [main] INFO  o.s.b.a.e.web.EndpointLinksResolver - Exposing 2 endpoint(s) beneath base path '/actuator'
2022-05-19_13-32-32 [main] INFO  s.d.s.w.PropertySourcedRequestMappingHandlerMapping - Mapped URL path [/v2/api-docs] onto method [springfox.documentation.swagger2.web.Swagger2Controller#getDocumentation(String, HttpServletRequest)]
2022-05-19_13-32-32 [main] INFO  o.s.s.c.ThreadPoolTaskExecutor - Initializing ExecutorService 'applicationTaskExecutor'
2022-05-19_13-32-32 [main] INFO  o.s.cloud.commons.util.InetUtils - Cannot determine local hostname
2022-05-19_13-32-32 [main] INFO  s.d.s.w.p.DocumentationPluginsBootstrapper - Context refreshed
2022-05-19_13-32-32 [main] INFO  s.d.s.w.p.DocumentationPluginsBootstrapper - Found 1 custom documentation plugin(s)
2022-05-19_13-32-32 [main] INFO  s.d.s.w.s.ApiListingReferenceScanner - Scanning for api listing references
2022-05-19_13-32-32 [main] INFO  s.d.s.w.r.o.CachingOperationNameGenerator - Generating unique operation named: handleUsingGET_1
2022-05-19_13-32-32 [main] INFO  s.d.s.w.r.o.CachingOperationNameGenerator - Generating unique operation named: handleUsingGET_2
2022-05-19_13-32-32 [main] INFO  c.p.d.e.PensionerDetailExceptionTest - Started PensionerDetailExceptionTest in 26.221 seconds (JVM running for 412.231)
2022-05-19_13-32-32 [main] INFO  o.s.b.t.c.SpringBootTestContextBootstrapper - Neither @ContextConfiguration nor @ContextHierarchy found for test class [com.pensioner.detail.PensionerDetailMicroserviceApplicationTests], using SpringBootContextLoader
2022-05-19_13-32-32 [main] INFO  o.s.t.c.s.AbstractContextLoader - Could not detect default resource locations for test class [com.pensioner.detail.PensionerDetailMicroserviceApplicationTests]: no resource found for suffixes {-context.xml, Context.groovy}.
2022-05-19_13-32-32 [main] INFO  o.s.t.c.s.AnnotationConfigContextLoaderUtils - Could not detect default configuration classes for test class [com.pensioner.detail.PensionerDetailMicroserviceApplicationTests]: PensionerDetailMicroserviceApplicationTests does not declare any static, non-private, non-final, nested classes annotated with @Configuration.
2022-05-19_13-32-32 [main] INFO  o.s.b.t.c.SpringBootTestContextBootstrapper - Found @SpringBootConfiguration com.pensioner.detail.PensionerDetailMicroserviceApplication for test class com.pensioner.detail.PensionerDetailMicroserviceApplicationTests
2022-05-19_13-32-32 [main] INFO  o.s.b.t.c.SpringBootTestContextBootstrapper - Loaded default TestExecutionListener class names from location [META-INF/spring.factories]: [org.springframework.boot.test.mock.mockito.MockitoTestExecutionListener, org.springframework.boot.test.mock.mockito.ResetMocksTestExecutionListener, org.springframework.boot.test.autoconfigure.restdocs.RestDocsTestExecutionListener, org.springframework.boot.test.autoconfigure.web.client.MockRestServiceServerResetTestExecutionListener, org.springframework.boot.test.autoconfigure.web.servlet.MockMvcPrintOnlyOnFailureTestExecutionListener, org.springframework.boot.test.autoconfigure.web.servlet.WebDriverTestExecutionListener, org.springframework.boot.test.autoconfigure.webservices.client.MockWebServiceServerTestExecutionListener, org.springframework.test.context.web.ServletTestExecutionListener, org.springframework.test.context.support.DirtiesContextBeforeModesTestExecutionListener, org.springframework.test.context.event.ApplicationEventsTestExecutionListener, org.springframework.test.context.support.DependencyInjectionTestExecutionListener, org.springframework.test.context.support.DirtiesContextTestExecutionListener, org.springframework.test.context.transaction.TransactionalTestExecutionListener, org.springframework.test.context.jdbc.SqlScriptsTestExecutionListener, org.springframework.test.context.event.EventPublishingTestExecutionListener]
2022-05-19_13-32-32 [main] INFO  o.s.b.t.c.SpringBootTestContextBootstrapper - Using TestExecutionListeners: [org.springframework.test.context.web.ServletTestExecutionListener@41f79561, org.springframework.test.context.support.DirtiesContextBeforeModesTestExecutionListener@1604e941, org.springframework.test.context.event.ApplicationEventsTestExecutionListener@1f6b4aaa, org.springframework.boot.test.mock.mockito.MockitoTestExecutionListener@31e5554e, org.springframework.boot.test.autoconfigure.SpringBootDependencyInjectionTestExecutionListener@4c44928e, org.springframework.test.context.support.DirtiesContextTestExecutionListener@7dbb24a6, org.springframework.test.context.transaction.TransactionalTestExecutionListener@38c00fa1, org.springframework.test.context.jdbc.SqlScriptsTestExecutionListener@239462d2, org.springframework.test.context.event.EventPublishingTestExecutionListener@4bac54cc, org.springframework.boot.test.mock.mockito.ResetMocksTestExecutionListener@6f96c70b, org.springframework.boot.test.autoconfigure.restdocs.RestDocsTestExecutionListener@5713705f, org.springframework.boot.test.autoconfigure.web.client.MockRestServiceServerResetTestExecutionListener@57110a9d, org.springframework.boot.test.autoconfigure.web.servlet.MockMvcPrintOnlyOnFailureTestExecutionListener@7eb22e87, org.springframework.boot.test.autoconfigure.web.servlet.WebDriverTestExecutionListener@27c510c5, org.springframework.boot.test.autoconfigure.webservices.client.MockWebServiceServerTestExecutionListener@6b981dea]
2022-05-19_13-33-13 [main] INFO  c.p.d.PensionerDetailMicroserviceApplication - Starting PensionerDetailMicroserviceApplication using Java 11.0.14.1 on DESKTOP-DAC986Q with PID 13028 (started by Elcot in E:\qa3\PMS-JAVA\PensionerDetail-Microservice)
2022-05-19_13-33-13 [main] INFO  c.p.d.PensionerDetailMicroserviceApplication - No active profile set, falling back to default profiles: default
2022-05-19_13-33-13 [main] INFO  o.s.d.r.c.RepositoryConfigurationDelegate - Bootstrapping Spring Data JPA repositories in DEFAULT mode.
2022-05-19_13-33-13 [main] INFO  o.s.d.r.c.RepositoryConfigurationDelegate - Finished Spring Data repository scanning in 37 ms. Found 1 JPA repository interfaces.
2022-05-19_13-33-13 [main] INFO  o.s.cloud.context.scope.GenericScope - BeanFactory id=6c575c5b-ca3c-31a7-b589-8214cd669173
2022-05-19_13-33-13 [main] INFO  o.s.c.s.PostProcessorRegistrationDelegate$BeanPostProcessorChecker - Bean 'com.pensioner.detail.feignclient.AuthorisingClient' of type [org.springframework.cloud.openfeign.FeignClientFactoryBean] is not eligible for getting processed by all BeanPostProcessors (for example: not eligible for auto-proxying)
2022-05-19_13-33-13 [main] INFO  o.s.b.w.e.tomcat.TomcatWebServer - Tomcat initialized with port(s): 6001 (http)
2022-05-19_13-33-13 [main] INFO  o.a.coyote.http11.Http11NioProtocol - Initializing ProtocolHandler ["http-nio-6001"]
2022-05-19_13-33-13 [main] INFO  o.a.catalina.core.StandardService - Starting service [Tomcat]
2022-05-19_13-33-13 [main] INFO  o.a.catalina.core.StandardEngine - Starting Servlet engine: [Apache Tomcat/9.0.41]
2022-05-19_13-33-13 [main] INFO  o.a.c.c.C.[.[localhost].[/pensioner] - Initializing Spring embedded WebApplicationContext
2022-05-19_13-33-13 [main] INFO  o.s.b.w.s.c.ServletWebServerApplicationContext - Root WebApplicationContext: initialization completed in 42738 ms
2022-05-19_13-33-13 [main] INFO  com.zaxxer.hikari.HikariDataSource - HikariPool-4 - Starting...
2022-05-19_13-33-13 [main] INFO  com.zaxxer.hikari.HikariDataSource - HikariPool-4 - Start completed.
2022-05-19_13-33-13 [main] INFO  o.s.b.a.h.H2ConsoleAutoConfiguration - H2 console available at '/db'. Database available at 'jdbc:h2:mem:ipms_db'
2022-05-19_13-33-13 [main] INFO  o.s.o.j.LocalContainerEntityManagerFactoryBean - Initialized JPA EntityManagerFactory for persistence unit 'default'
2022-05-19_13-33-13 [main] INFO  o.s.b.a.e.web.EndpointLinksResolver - Exposing 2 endpoint(s) beneath base path '/actuator'
2022-05-19_13-33-13 [main] INFO  s.d.s.w.PropertySourcedRequestMappingHandlerMapping - Mapped URL path [/v2/api-docs] onto method [springfox.documentation.swagger2.web.Swagger2Controller#getDocumentation(String, HttpServletRequest)]
2022-05-19_13-33-13 [main] INFO  o.s.s.c.ThreadPoolTaskExecutor - Initializing ExecutorService 'applicationTaskExecutor'
2022-05-19_13-33-13 [main] INFO  o.s.cloud.commons.util.InetUtils - Cannot determine local hostname
2022-05-19_13-33-13 [main] INFO  o.a.coyote.http11.Http11NioProtocol - Starting ProtocolHandler ["http-nio-6001"]
2022-05-19_13-33-13 [main] INFO  o.s.b.w.e.tomcat.TomcatWebServer - Tomcat started on port(s): 6001 (http) with context path '/pensioner'
2022-05-19_13-33-13 [main] INFO  o.s.cloud.commons.util.InetUtils - Cannot determine local hostname
2022-05-19_13-33-13 [main] INFO  s.d.s.w.p.DocumentationPluginsBootstrapper - Context refreshed
2022-05-19_13-33-13 [main] INFO  s.d.s.w.p.DocumentationPluginsBootstrapper - Found 1 custom documentation plugin(s)
2022-05-19_13-33-13 [main] INFO  s.d.s.w.s.ApiListingReferenceScanner - Scanning for api listing references
2022-05-19_13-33-13 [main] INFO  s.d.s.w.r.o.CachingOperationNameGenerator - Generating unique operation named: handleUsingGET_1
2022-05-19_13-33-13 [main] INFO  s.d.s.w.r.o.CachingOperationNameGenerator - Generating unique operation named: handleUsingGET_2
2022-05-19_13-33-13 [main] INFO  c.p.d.PensionerDetailMicroserviceApplication - Started PensionerDetailMicroserviceApplication in 61.099 seconds (JVM running for 485.092)
2022-05-19_13-33-13 [main] INFO  o.s.b.t.c.SpringBootTestContextBootstrapper - Neither @ContextConfiguration nor @ContextHierarchy found for test class [com.pensioner.detail.service.PensionerDetailServiceTest], using SpringBootContextLoader
2022-05-19_13-33-13 [main] INFO  o.s.t.c.s.AbstractContextLoader - Could not detect default resource locations for test class [com.pensioner.detail.service.PensionerDetailServiceTest]: no resource found for suffixes {-context.xml, Context.groovy}.
2022-05-19_13-33-13 [main] INFO  o.s.t.c.s.AnnotationConfigContextLoaderUtils - Could not detect default configuration classes for test class [com.pensioner.detail.service.PensionerDetailServiceTest]: PensionerDetailServiceTest does not declare any static, non-private, non-final, nested classes annotated with @Configuration.
2022-05-19_13-33-13 [main] INFO  o.s.b.t.c.SpringBootTestContextBootstrapper - Found @SpringBootConfiguration com.pensioner.detail.PensionerDetailMicroserviceApplication for test class com.pensioner.detail.service.PensionerDetailServiceTest
2022-05-19_13-33-13 [main] INFO  o.s.b.t.c.SpringBootTestContextBootstrapper - Loaded default TestExecutionListener class names from location [META-INF/spring.factories]: [org.springframework.boot.test.mock.mockito.MockitoTestExecutionListener, org.springframework.boot.test.mock.mockito.ResetMocksTestExecutionListener, org.springframework.boot.test.autoconfigure.restdocs.RestDocsTestExecutionListener, org.springframework.boot.test.autoconfigure.web.client.MockRestServiceServerResetTestExecutionListener, org.springframework.boot.test.autoconfigure.web.servlet.MockMvcPrintOnlyOnFailureTestExecutionListener, org.springframework.boot.test.autoconfigure.web.servlet.WebDriverTestExecutionListener, org.springframework.boot.test.autoconfigure.webservices.client.MockWebServiceServerTestExecutionListener, org.springframework.test.context.web.ServletTestExecutionListener, org.springframework.test.context.support.DirtiesContextBeforeModesTestExecutionListener, org.springframework.test.context.event.ApplicationEventsTestExecutionListener, org.springframework.test.context.support.DependencyInjectionTestExecutionListener, org.springframework.test.context.support.DirtiesContextTestExecutionListener, org.springframework.test.context.transaction.TransactionalTestExecutionListener, org.springframework.test.context.jdbc.SqlScriptsTestExecutionListener, org.springframework.test.context.event.EventPublishingTestExecutionListener]
2022-05-19_13-33-13 [main] INFO  o.s.b.t.c.SpringBootTestContextBootstrapper - Using TestExecutionListeners: [org.springframework.test.context.web.ServletTestExecutionListener@3d562fde, org.springframework.test.context.support.DirtiesContextBeforeModesTestExecutionListener@6e68cd0f, org.springframework.test.context.event.ApplicationEventsTestExecutionListener@4f5bb24d, org.springframework.boot.test.mock.mockito.MockitoTestExecutionListener@486b35d5, org.springframework.boot.test.autoconfigure.SpringBootDependencyInjectionTestExecutionListener@44cfdbd9, org.springframework.test.context.support.DirtiesContextTestExecutionListener@6ce766fa, org.springframework.test.context.transaction.TransactionalTestExecutionListener@7ebc78f1, org.springframework.test.context.jdbc.SqlScriptsTestExecutionListener@6fe83f6e, org.springframework.test.context.event.EventPublishingTestExecutionListener@55c33059, org.springframework.boot.test.mock.mockito.ResetMocksTestExecutionListener@2445cad, org.springframework.boot.test.autoconfigure.restdocs.RestDocsTestExecutionListener@1f22d7e4, org.springframework.boot.test.autoconfigure.web.client.MockRestServiceServerResetTestExecutionListener@311f8821, org.springframework.boot.test.autoconfigure.web.servlet.MockMvcPrintOnlyOnFailureTestExecutionListener@7d1237a3, org.springframework.boot.test.autoconfigure.web.servlet.WebDriverTestExecutionListener@5d93ad98, org.springframework.boot.test.autoconfigure.webservices.client.MockWebServiceServerTestExecutionListener@5407cc39]
2022-05-19_13-33-13 [SpringContextShutdownHook] INFO  o.s.s.c.ThreadPoolTaskExecutor - Shutting down ExecutorService 'applicationTaskExecutor'
2022-05-19_13-33-13 [SpringContextShutdownHook] INFO  o.s.s.c.ThreadPoolTaskExecutor - Shutting down ExecutorService 'applicationTaskExecutor'
2022-05-19_13-33-13 [SpringContextShutdownHook] INFO  o.s.s.c.ThreadPoolTaskExecutor - Shutting down ExecutorService 'applicationTaskExecutor'
2022-05-19_13-33-13 [SpringContextShutdownHook] INFO  o.s.o.j.LocalContainerEntityManagerFactoryBean - Closing JPA EntityManagerFactory for persistence unit 'default'
2022-05-19_13-33-13 [SpringContextShutdownHook] INFO  o.s.o.j.LocalContainerEntityManagerFactoryBean - Closing JPA EntityManagerFactory for persistence unit 'default'
2022-05-19_13-33-13 [SpringContextShutdownHook] INFO  o.s.o.j.LocalContainerEntityManagerFactoryBean - Closing JPA EntityManagerFactory for persistence unit 'default'
2022-05-19_13-33-13 [SpringContextShutdownHook] INFO  com.zaxxer.hikari.HikariDataSource - HikariPool-1 - Shutdown initiated...
2022-05-19_13-33-13 [SpringContextShutdownHook] INFO  com.zaxxer.hikari.HikariDataSource - HikariPool-3 - Shutdown initiated...
2022-05-19_13-33-13 [SpringContextShutdownHook] INFO  com.zaxxer.hikari.HikariDataSource - HikariPool-3 - Shutdown completed.
2022-05-19_13-33-13 [SpringContextShutdownHook] INFO  com.zaxxer.hikari.HikariDataSource - HikariPool-1 - Shutdown completed.
2022-05-19_13-33-13 [SpringContextShutdownHook] INFO  com.zaxxer.hikari.HikariDataSource - HikariPool-2 - Shutdown initiated...
2022-05-19_13-33-13 [SpringContextShutdownHook] INFO  com.zaxxer.hikari.HikariDataSource - HikariPool-2 - Shutdown completed.
2022-05-19_13-33-13 [SpringContextShutdownHook] INFO  o.s.s.c.ThreadPoolTaskExecutor - Shutting down ExecutorService 'applicationTaskExecutor'
2022-05-19_13-33-13 [SpringContextShutdownHook] INFO  o.s.o.j.LocalContainerEntityManagerFactoryBean - Closing JPA EntityManagerFactory for persistence unit 'default'
2022-05-19_13-33-13 [SpringContextShutdownHook] INFO  com.zaxxer.hikari.HikariDataSource - HikariPool-4 - Shutdown initiated...
2022-05-19_13-33-13 [SpringContextShutdownHook] INFO  com.zaxxer.hikari.HikariDataSource - HikariPool-4 - Shutdown completed.
